[02/06/23, 19:17:58:540] info: 
╔════════════════════════════════════════════════╗
║      Slack 4.29.149, darwin 19.6.0 on x64      ║
╚════════════════════════════════════════════════╝ 
[02/06/23, 19:17:58:540] info: Configured logger via 
{
  "enableConsoleTransport": true,
  "identifierOverride": "webapp-auth-console",
  "shouldUseNewBackend": false,
  "loggerInstanceCount": 3
}
[02/06/23, 19:17:58:540] info: Predefined values for process 
{
  "NODE_ENV": "production",
  "platform": "darwin",
  "type": "browser",
  "timeZone": "Asia/Seoul",
  "PACKAGE_MANIFEST.productName": "Slack",
  "PACKAGE_MANIFEST.version": "4.29.149",
  "PACKAGE_MANIFEST.commit": "e0f61ad",
  "PACKAGE_MANIFEST.branch": "HEAD"
}
[02/06/23, 19:44:21:123] info: 
╔════════════════════════════════════════════════╗
║      Slack 4.29.149, darwin 19.6.0 on x64      ║
╚════════════════════════════════════════════════╝ 
[02/06/23, 19:44:21:123] info: Configured logger via 
{
  "enableConsoleTransport": true,
  "identifierOverride": "webapp-auth-console",
  "shouldUseNewBackend": false,
  "loggerInstanceCount": 4
}
[02/06/23, 19:44:21:124] info: Predefined values for process 
{
  "NODE_ENV": "production",
  "platform": "darwin",
  "type": "browser",
  "timeZone": "Asia/Seoul",
  "PACKAGE_MANIFEST.productName": "Slack",
  "PACKAGE_MANIFEST.version": "4.29.149",
  "PACKAGE_MANIFEST.commit": "e0f61ad",
  "PACKAGE_MANIFEST.branch": "HEAD"
}
