[2023-02-06 09:33:42.540] [main] [info] window#load: attempt to load window (id: 1)
[2023-02-06 09:33:42.551] [main] [info] update#setState idle
[2023-02-06 09:33:42.625] [main] [info] ExtensionHostStarterWorker created
[2023-02-06 09:33:43.682] [main] [info] window#load: window reported ready (id: 1)
[2023-02-06 09:33:43.984] [main] [info] Starting extension host with pid 58027 (fork() took 4 ms).
[2023-02-06 09:33:43.984] [main] [info] ExtensionHostStarterWorker.start() took 4 ms.
[2023-02-06 09:33:48.571] [main] [info] Extension host with pid 58027 exited with code: 0, signal: null.
[2023-02-06 09:34:12.557] [main] [info] update#setState checking for updates
[2023-02-06 09:34:12.948] [main] [info] update#setState downloading
[2023-02-06 09:34:31.216] [main] [error] UpdateService error: The operation couldn’t be completed. (OSStatus error -60006.)
[2023-02-06 09:34:31.216] [main] [info] update#setState idle
[2023-02-06 10:01:05.141] [main] [info] window#load: attempt to load window (id: 3)
[2023-02-06 10:01:05.730] [main] [info] window#load: window reported ready (id: 3)
[2023-02-06 10:01:06.019] [main] [info] Starting extension host with pid 60380 (fork() took 1 ms).
[2023-02-06 10:01:06.019] [main] [info] ExtensionHostStarterWorker.start() took 2 ms.
[2023-02-06 10:01:24.784] [main] [info] Extension host with pid 60380 exited with code: 0, signal: null.
[2023-02-06 10:10:17.451] [main] [info] window#load: attempt to load window (id: 4)
[2023-02-06 10:10:18.048] [main] [info] window#load: window reported ready (id: 4)
[2023-02-06 10:10:18.171] [main] [info] Starting extension host with pid 61164 (fork() took 1 ms).
[2023-02-06 10:10:18.171] [main] [info] ExtensionHostStarterWorker.start() took 6 ms.
[2023-02-06 10:10:33.083] [main] [info] Extension host with pid 61164 exited with code: 0, signal: null.
[2023-02-06 10:34:12.708] [main] [info] update#setState checking for updates
[2023-02-06 10:34:13.082] [main] [info] update#setState downloading
